E, [2018-07-01T23:40:54.287495 #8316] ERROR -- Kitchen: ------Exception-------
E, [2018-07-01T23:40:54.287495 #8316] ERROR -- Kitchen: Class: Kitchen::UserError
E, [2018-07-01T23:40:54.287495 #8316] ERROR -- Kitchen: Message: Kitchen YAML file C:/Shiva/chef-starter/chef-repo/cookbooks/.kitchen.yml does not exist.
E, [2018-07-01T23:40:54.288495 #8316] ERROR -- Kitchen: ----------------------
E, [2018-07-01T23:40:54.288495 #8316] ERROR -- Kitchen: ------Backtrace-------
E, [2018-07-01T23:40:54.288495 #8316] ERROR -- Kitchen: C:/opscode/chefdk/embedded/lib/ruby/gems/2.5.0/gems/test-kitchen-1.21.2/lib/kitchen/loader/yaml.rb:65:in `read'
E, [2018-07-01T23:40:54.288495 #8316] ERROR -- Kitchen: C:/opscode/chefdk/embedded/lib/ruby/gems/2.5.0/gems/test-kitchen-1.21.2/lib/kitchen/config.rb:152:in `data'
E, [2018-07-01T23:40:54.288495 #8316] ERROR -- Kitchen: C:/opscode/chefdk/embedded/lib/ruby/gems/2.5.0/gems/test-kitchen-1.21.2/lib/kitchen/config.rb:131:in `suites'
E, [2018-07-01T23:40:54.288495 #8316] ERROR -- Kitchen: C:/opscode/chefdk/embedded/lib/ruby/gems/2.5.0/gems/test-kitchen-1.21.2/lib/kitchen/config.rb:182:in `filter_instances'
E, [2018-07-01T23:40:54.288495 #8316] ERROR -- Kitchen: C:/opscode/chefdk/embedded/lib/ruby/gems/2.5.0/gems/test-kitchen-1.21.2/lib/kitchen/config.rb:141:in `build_instances'
E, [2018-07-01T23:40:54.288495 #8316] ERROR -- Kitchen: C:/opscode/chefdk/embedded/lib/ruby/gems/2.5.0/gems/test-kitchen-1.21.2/lib/kitchen/config.rb:117:in `instances'
E, [2018-07-01T23:40:54.288495 #8316] ERROR -- Kitchen: C:/opscode/chefdk/embedded/lib/ruby/gems/2.5.0/gems/test-kitchen-1.21.2/lib/kitchen/command.rb:112:in `filtered_instances'
E, [2018-07-01T23:40:54.288495 #8316] ERROR -- Kitchen: C:/opscode/chefdk/embedded/lib/ruby/gems/2.5.0/gems/test-kitchen-1.21.2/lib/kitchen/command.rb:142:in `parse_subcommand'
E, [2018-07-01T23:40:54.288495 #8316] ERROR -- Kitchen: C:/opscode/chefdk/embedded/lib/ruby/gems/2.5.0/gems/test-kitchen-1.21.2/lib/kitchen/command/list.rb:30:in `call'
E, [2018-07-01T23:40:54.288495 #8316] ERROR -- Kitchen: C:/opscode/chefdk/embedded/lib/ruby/gems/2.5.0/gems/test-kitchen-1.21.2/lib/kitchen/cli.rb:52:in `perform'
E, [2018-07-01T23:40:54.288495 #8316] ERROR -- Kitchen: C:/opscode/chefdk/embedded/lib/ruby/gems/2.5.0/gems/test-kitchen-1.21.2/lib/kitchen/cli.rb:120:in `list'
E, [2018-07-01T23:40:54.288495 #8316] ERROR -- Kitchen: C:/opscode/chefdk/embedded/lib/ruby/gems/2.5.0/gems/thor-0.20.0/lib/thor/command.rb:27:in `run'
E, [2018-07-01T23:40:54.288495 #8316] ERROR -- Kitchen: C:/opscode/chefdk/embedded/lib/ruby/gems/2.5.0/gems/thor-0.20.0/lib/thor/invocation.rb:126:in `invoke_command'
E, [2018-07-01T23:40:54.288495 #8316] ERROR -- Kitchen: C:/opscode/chefdk/embedded/lib/ruby/gems/2.5.0/gems/thor-0.20.0/lib/thor.rb:387:in `dispatch'
E, [2018-07-01T23:40:54.288495 #8316] ERROR -- Kitchen: C:/opscode/chefdk/embedded/lib/ruby/gems/2.5.0/gems/thor-0.20.0/lib/thor/base.rb:466:in `start'
E, [2018-07-01T23:40:54.288495 #8316] ERROR -- Kitchen: C:/opscode/chefdk/embedded/lib/ruby/gems/2.5.0/gems/test-kitchen-1.21.2/bin/kitchen:13:in `block in <top (required)>'
E, [2018-07-01T23:40:54.289495 #8316] ERROR -- Kitchen: C:/opscode/chefdk/embedded/lib/ruby/gems/2.5.0/gems/test-kitchen-1.21.2/lib/kitchen/errors.rb:171:in `with_friendly_errors'
E, [2018-07-01T23:40:54.289495 #8316] ERROR -- Kitchen: C:/opscode/chefdk/embedded/lib/ruby/gems/2.5.0/gems/test-kitchen-1.21.2/bin/kitchen:13:in `<top (required)>'
E, [2018-07-01T23:40:54.289495 #8316] ERROR -- Kitchen: C:/opscode/chefdk/bin/kitchen:284:in `load'
E, [2018-07-01T23:40:54.289495 #8316] ERROR -- Kitchen: C:/opscode/chefdk/bin/kitchen:284:in `<main>'
E, [2018-07-01T23:40:54.289495 #8316] ERROR -- Kitchen: ----End Backtrace-----
